build/app/intermediates/manifest_merge_blame_file/release/manifest-merger-blame-release-report.txt
1<?xml version="1.0" encoding="utf-8"?>
2<manifest xmlns:android="http://schemas.android.com/apk/res/android"
3    package="com.thiarara.quick_stock"
4    android:versionCode="1"
5    android:versionName="1.0.0" >
6
7    <uses-sdk
8        android:minSdkVersion="21"
9        android:targetSdkVersion="34" />
10
11    <uses-permission android:name="android.permission.INTERNET" />
11-->src\main\AndroidManifest.xml:2:5-66
11-->src\main\AndroidManifest.xml:2:22-64
12    <uses-permission android:name="android.permission.ACCESS_NETWORK_STATE" />
12-->src\main\AndroidManifest.xml:3:5-78
12-->src\main\AndroidManifest.xml:3:22-76
13    <uses-permission android:name="android.permission.ACCESS_WIFI_STATE" />
13-->src\main\AndroidManifest.xml:4:5-75
13-->src\main\AndroidManifest.xml:4:22-73
14    <uses-permission android:name="android.permission.WRITE_EXTERNAL_STORAGE" />
14-->src\main\AndroidManifest.xml:5:5-80
14-->src\main\AndroidManifest.xml:5:22-78
15    <uses-permission
15-->src\main\AndroidManifest.xml:6:5-79
16        android:name="android.permission.READ_EXTERNAL_STORAGE"
16-->src\main\AndroidManifest.xml:6:22-77
17        android:maxSdkVersion="32" />
17-->[:file_picker] AndroidManifest.xml:9:9-35
18    <uses-permission android:name="android.permission.MANAGE_EXTERNAL_STORAGE" />
18-->src\main\AndroidManifest.xml:7:5-81
18-->src\main\AndroidManifest.xml:7:22-79
19    <!--
20         Required to query activities that can process text, see:
21         https://developer.android.com/training/package-visibility and
22         https://developer.android.com/reference/android/content/Intent#ACTION_PROCESS_TEXT.
23
24         In particular, this is used by the Flutter engine in io.flutter.plugin.text.ProcessTextPlugin.
25    -->
26    <queries>
26-->src\main\AndroidManifest.xml:48:5-58:15
27        <intent>
27-->src\main\AndroidManifest.xml:49:9-52:18
28            <action android:name="android.intent.action.PROCESS_TEXT" />
28-->src\main\AndroidManifest.xml:50:13-72
28-->src\main\AndroidManifest.xml:50:21-70
29
30            <data android:mimeType="text/plain" />
30-->src\main\AndroidManifest.xml:51:13-50
30-->src\main\AndroidManifest.xml:51:19-48
31        </intent>
32        <intent>
32-->src\main\AndroidManifest.xml:53:9-56:18
33            <action android:name="android.intent.action.SEND" />
33-->src\main\AndroidManifest.xml:54:13-65
33-->src\main\AndroidManifest.xml:54:21-62
34
35            <data android:mimeType="*/*" />
35-->src\main\AndroidManifest.xml:51:13-50
35-->src\main\AndroidManifest.xml:51:19-48
36        </intent>
37
38        <package android:name="com.whatsapp" />
38-->src\main\AndroidManifest.xml:57:9-48
38-->src\main\AndroidManifest.xml:57:18-45
39
40        <intent>
40-->[:file_picker] AndroidManifest.xml:12:9-16:18
41            <action android:name="android.intent.action.GET_CONTENT" />
41-->[:file_picker] AndroidManifest.xml:13:13-72
41-->[:file_picker] AndroidManifest.xml:13:21-69
42
43            <data android:mimeType="*/*" />
43-->src\main\AndroidManifest.xml:51:13-50
43-->src\main\AndroidManifest.xml:51:19-48
44        </intent>
45    </queries>
46
47    <permission
47-->[androidx.core:core:1.13.1] AndroidManifest.xml:22:5-24:47
48        android:name="com.thiarara.quick_stock.DYNAMIC_RECEIVER_NOT_EXPORTED_PERMISSION"
48-->[androidx.core:core:1.13.1] AndroidManifest.xml:23:9-81
49        android:protectionLevel="signature" />
49-->[androidx.core:core:1.13.1] AndroidManifest.xml:24:9-44
50
51    <uses-permission android:name="com.thiarara.quick_stock.DYNAMIC_RECEIVER_NOT_EXPORTED_PERMISSION" />
51-->[androidx.core:core:1.13.1] AndroidManifest.xml:26:5-97
51-->[androidx.core:core:1.13.1] AndroidManifest.xml:26:22-94
52
53    <application
54        android:name="android.app.Application"
54-->src\main\AndroidManifest.xml:10:9-42
55        android:appComponentFactory="androidx.core.app.CoreComponentFactory"
55-->[androidx.core:core:1.13.1] AndroidManifest.xml:28:18-86
56        android:extractNativeLibs="true"
57        android:hardwareAccelerated="true"
57-->src\main\AndroidManifest.xml:14:9-43
58        android:icon="@mipmap/ic_launcher"
58-->src\main\AndroidManifest.xml:11:9-43
59        android:label="quick_stock"
59-->src\main\AndroidManifest.xml:9:9-36
60        android:largeHeap="true"
60-->src\main\AndroidManifest.xml:13:9-33
61        android:requestLegacyExternalStorage="true" >
61-->src\main\AndroidManifest.xml:12:9-52
62        <activity
62-->src\main\AndroidManifest.xml:15:9-36:20
63            android:name="com.thiarara.quick_stock.MainActivity"
63-->src\main\AndroidManifest.xml:16:13-41
64            android:configChanges="orientation|keyboardHidden|keyboard|screenSize|smallestScreenSize|locale|layoutDirection|fontScale|screenLayout|density|uiMode"
64-->src\main\AndroidManifest.xml:21:13-163
65            android:exported="true"
65-->src\main\AndroidManifest.xml:17:13-36
66            android:hardwareAccelerated="true"
66-->src\main\AndroidManifest.xml:22:13-47
67            android:launchMode="singleTop"
67-->src\main\AndroidManifest.xml:18:13-43
68            android:taskAffinity=""
68-->src\main\AndroidManifest.xml:19:13-36
69            android:theme="@style/LaunchTheme"
69-->src\main\AndroidManifest.xml:20:13-47
70            android:windowSoftInputMode="adjustResize" >
70-->src\main\AndroidManifest.xml:23:13-55
71
72            <!--
73                 Specifies an Android theme to apply to this Activity as soon as
74                 the Android process has started. This theme is visible to the user
75                 while the Flutter UI initializes. After that, this theme continues
76                 to determine the Window background behind the Flutter UI.
77            -->
78            <meta-data
78-->src\main\AndroidManifest.xml:28:13-31:17
79                android:name="io.flutter.embedding.android.NormalTheme"
79-->src\main\AndroidManifest.xml:29:15-70
80                android:resource="@style/NormalTheme" />
80-->src\main\AndroidManifest.xml:30:15-52
81
82            <intent-filter>
82-->src\main\AndroidManifest.xml:32:13-35:29
83                <action android:name="android.intent.action.MAIN" />
83-->src\main\AndroidManifest.xml:33:17-68
83-->src\main\AndroidManifest.xml:33:25-66
84
85                <category android:name="android.intent.category.LAUNCHER" />
85-->src\main\AndroidManifest.xml:34:17-76
85-->src\main\AndroidManifest.xml:34:27-74
86            </intent-filter>
87        </activity>
88        <!--
89             Don't delete the meta-data below.
90             This is used by the Flutter tool to generate GeneratedPluginRegistrant.java
91        -->
92        <meta-data
92-->src\main\AndroidManifest.xml:39:9-41:33
93            android:name="flutterEmbedding"
93-->src\main\AndroidManifest.xml:40:13-44
94            android:value="2" />
94-->src\main\AndroidManifest.xml:41:13-30
95
96        <provider
96-->[:open_file_android] AndroidManifest.xml:9:9-19:20
97            android:name="com.crazecoder.openfile.FileProvider"
97-->[:open_file_android] AndroidManifest.xml:10:13-64
98            android:authorities="com.thiarara.quick_stock.fileProvider.com.crazecoder.openfile"
98-->[:open_file_android] AndroidManifest.xml:11:13-88
99            android:exported="false"
99-->[:open_file_android] AndroidManifest.xml:12:13-37
100            android:grantUriPermissions="true"
100-->[:open_file_android] AndroidManifest.xml:13:13-47
101            android:requestLegacyExternalStorage="true" >
101-->[:open_file_android] AndroidManifest.xml:14:13-56
102            <meta-data
102-->[:open_file_android] AndroidManifest.xml:16:13-18:53
103                android:name="android.support.FILE_PROVIDER_PATHS"
103-->[:open_file_android] AndroidManifest.xml:17:17-67
104                android:resource="@xml/filepaths" />
104-->[:open_file_android] AndroidManifest.xml:18:17-50
105        </provider>
106        <!--
107           Declares a provider which allows us to store files to share in
108           '.../caches/share_plus' and grant the receiving action access
109        -->
110        <provider
110-->[:share_plus] AndroidManifest.xml:13:9-21:20
111            android:name="dev.fluttercommunity.plus.share.ShareFileProvider"
111-->[:share_plus] AndroidManifest.xml:14:13-77
112            android:authorities="com.thiarara.quick_stock.flutter.share_provider"
112-->[:share_plus] AndroidManifest.xml:15:13-74
113            android:exported="false"
113-->[:share_plus] AndroidManifest.xml:16:13-37
114            android:grantUriPermissions="true" >
114-->[:share_plus] AndroidManifest.xml:17:13-47
115            <meta-data
115-->[:open_file_android] AndroidManifest.xml:16:13-18:53
116                android:name="android.support.FILE_PROVIDER_PATHS"
116-->[:open_file_android] AndroidManifest.xml:17:17-67
117                android:resource="@xml/flutter_share_file_paths" />
117-->[:open_file_android] AndroidManifest.xml:18:17-50
118        </provider>
119        <!--
120           This manifest declared broadcast receiver allows us to use an explicit
121           Intent when creating a PendingItent to be informed of the user's choice
122        -->
123        <receiver
123-->[:share_plus] AndroidManifest.xml:26:9-32:20
124            android:name="dev.fluttercommunity.plus.share.SharePlusPendingIntent"
124-->[:share_plus] AndroidManifest.xml:27:13-82
125            android:exported="false" >
125-->[:share_plus] AndroidManifest.xml:28:13-37
126            <intent-filter>
126-->[:share_plus] AndroidManifest.xml:29:13-31:29
127                <action android:name="EXTRA_CHOSEN_COMPONENT" />
127-->[:share_plus] AndroidManifest.xml:30:17-65
127-->[:share_plus] AndroidManifest.xml:30:25-62
128            </intent-filter>
129        </receiver>
130
131        <activity
131-->[:url_launcher_android] AndroidManifest.xml:8:9-11:74
132            android:name="io.flutter.plugins.urllauncher.WebViewActivity"
132-->[:url_launcher_android] AndroidManifest.xml:9:13-74
133            android:exported="false"
133-->[:url_launcher_android] AndroidManifest.xml:10:13-37
134            android:theme="@android:style/Theme.NoTitleBar.Fullscreen" />
134-->[:url_launcher_android] AndroidManifest.xml:11:13-71
135
136        <uses-library
136-->[androidx.window:window:1.2.0] AndroidManifest.xml:23:9-25:40
137            android:name="androidx.window.extensions"
137-->[androidx.window:window:1.2.0] AndroidManifest.xml:24:13-54
138            android:required="false" />
138-->[androidx.window:window:1.2.0] AndroidManifest.xml:25:13-37
139        <uses-library
139-->[androidx.window:window:1.2.0] AndroidManifest.xml:26:9-28:40
140            android:name="androidx.window.sidecar"
140-->[androidx.window:window:1.2.0] AndroidManifest.xml:27:13-51
141            android:required="false" />
141-->[androidx.window:window:1.2.0] AndroidManifest.xml:28:13-37
142
143        <provider
143-->[androidx.emoji2:emoji2:1.2.0] AndroidManifest.xml:24:9-32:20
144            android:name="androidx.startup.InitializationProvider"
144-->[androidx.emoji2:emoji2:1.2.0] AndroidManifest.xml:25:13-67
145            android:authorities="com.thiarara.quick_stock.androidx-startup"
145-->[androidx.emoji2:emoji2:1.2.0] AndroidManifest.xml:26:13-68
146            android:exported="false" >
146-->[androidx.emoji2:emoji2:1.2.0] AndroidManifest.xml:27:13-37
147            <meta-data
147-->[androidx.emoji2:emoji2:1.2.0] AndroidManifest.xml:29:13-31:52
148                android:name="androidx.emoji2.text.EmojiCompatInitializer"
148-->[androidx.emoji2:emoji2:1.2.0] AndroidManifest.xml:30:17-75
149                android:value="androidx.startup" />
149-->[androidx.emoji2:emoji2:1.2.0] AndroidManifest.xml:31:17-49
150            <meta-data
150-->[androidx.lifecycle:lifecycle-process:2.7.0] AndroidManifest.xml:29:13-31:52
151                android:name="androidx.lifecycle.ProcessLifecycleInitializer"
151-->[androidx.lifecycle:lifecycle-process:2.7.0] AndroidManifest.xml:30:17-78
152                android:value="androidx.startup" />
152-->[androidx.lifecycle:lifecycle-process:2.7.0] AndroidManifest.xml:31:17-49
153            <meta-data
153-->[androidx.profileinstaller:profileinstaller:1.3.1] AndroidManifest.xml:29:13-31:52
154                android:name="androidx.profileinstaller.ProfileInstallerInitializer"
154-->[androidx.profileinstaller:profileinstaller:1.3.1] AndroidManifest.xml:30:17-85
155                android:value="androidx.startup" />
155-->[androidx.profileinstaller:profileinstaller:1.3.1] AndroidManifest.xml:31:17-49
156        </provider>
157
158        <receiver
158-->[androidx.profileinstaller:profileinstaller:1.3.1] AndroidManifest.xml:34:9-52:20
159            android:name="androidx.profileinstaller.ProfileInstallReceiver"
159-->[androidx.profileinstaller:profileinstaller:1.3.1] AndroidManifest.xml:35:13-76
160            android:directBootAware="false"
160-->[androidx.profileinstaller:profileinstaller:1.3.1] AndroidManifest.xml:36:13-44
161            android:enabled="true"
161-->[androidx.profileinstaller:profileinstaller:1.3.1] AndroidManifest.xml:37:13-35
162            android:exported="true"
162-->[androidx.profileinstaller:profileinstaller:1.3.1] AndroidManifest.xml:38:13-36
163            android:permission="android.permission.DUMP" >
163-->[androidx.profileinstaller:profileinstaller:1.3.1] AndroidManifest.xml:39:13-57
164            <intent-filter>
164-->[androidx.profileinstaller:profileinstaller:1.3.1] AndroidManifest.xml:40:13-42:29
165                <action android:name="androidx.profileinstaller.action.INSTALL_PROFILE" />
165-->[androidx.profileinstaller:profileinstaller:1.3.1] AndroidManifest.xml:41:17-91
165-->[androidx.profileinstaller:profileinstaller:1.3.1] AndroidManifest.xml:41:25-88
166            </intent-filter>
167            <intent-filter>
167-->[androidx.profileinstaller:profileinstaller:1.3.1] AndroidManifest.xml:43:13-45:29
168                <action android:name="androidx.profileinstaller.action.SKIP_FILE" />
168-->[androidx.profileinstaller:profileinstaller:1.3.1] AndroidManifest.xml:44:17-85
168-->[androidx.profileinstaller:profileinstaller:1.3.1] AndroidManifest.xml:44:25-82
169            </intent-filter>
170            <intent-filter>
170-->[androidx.profileinstaller:profileinstaller:1.3.1] AndroidManifest.xml:46:13-48:29
171                <action android:name="androidx.profileinstaller.action.SAVE_PROFILE" />
171-->[androidx.profileinstaller:profileinstaller:1.3.1] AndroidManifest.xml:47:17-88
171-->[androidx.profileinstaller:profileinstaller:1.3.1] AndroidManifest.xml:47:25-85
172            </intent-filter>
173            <intent-filter>
173-->[androidx.profileinstaller:profileinstaller:1.3.1] AndroidManifest.xml:49:13-51:29
174                <action android:name="androidx.profileinstaller.action.BENCHMARK_OPERATION" />
174-->[androidx.profileinstaller:profileinstaller:1.3.1] AndroidManifest.xml:50:17-95
174-->[androidx.profileinstaller:profileinstaller:1.3.1] AndroidManifest.xml:50:25-92
175            </intent-filter>
176        </receiver>
177    </application>
178
179</manifest>